{
  "stats": {
    "suites": 2,
    "tests": 9,
    "passes": 5,
    "pending": 0,
    "failures": 4,
    "start": "2018-06-26T13:24:09.675Z",
    "end": "2018-06-26T13:24:18.160Z",
    "duration": 8485,
    "testsRegistered": 9,
    "passPercent": 55.6,
    "pendingPercent": 0,
    "other": 0,
    "hasOther": false,
    "skipped": 0,
    "hasSkipped": false,
    "passPercentClass": "warning",
    "pendingPercentClass": "danger"
  },
  "suites": {
    "uuid": "88dc4233-1ba0-4e5e-854c-e36ffc10f42a",
    "title": "",
    "fullFile": "",
    "file": "",
    "beforeHooks": [],
    "afterHooks": [],
    "tests": [],
    "suites": [
      {
        "uuid": "9d7bbf11-0283-47ac-b6a5-a7c37db51356",
        "title": "用户数据查询测试",
        "fullFile": "/home/simontaosim/wanServer/test/index.js",
        "file": "/test/index.js",
        "beforeHooks": [
          {
            "title": "\"before all\" hook",
            "fullTitle": "用户数据查询测试 \"before all\" hook",
            "timedOut": false,
            "duration": 0,
            "pass": false,
            "fail": false,
            "pending": false,
            "code": "_connectdb.dbConnection.then(function (rlt) {\n  if (rlt) {\n    done();\n  }\n});",
            "err": {},
            "isRoot": false,
            "uuid": "81787e90-944b-43bc-8f04-b7339c437b83",
            "isHook": true,
            "skipped": false
          }
        ],
        "afterHooks": [],
        "tests": [
          {
            "title": "默认查询一条用户数据",
            "fullTitle": "用户数据查询测试 默认查询一条用户数据",
            "timedOut": false,
            "duration": 0,
            "state": "passed",
            "speed": "fast",
            "pass": true,
            "fail": false,
            "pending": false,
            "code": "expect(_User2.default.model.findOne()).to.be.ok;",
            "err": {},
            "isRoot": false,
            "uuid": "1b665757-3417-432a-b402-f649ffd461b4",
            "isHook": false,
            "skipped": false
          },
          {
            "title": "查询18820965455的用户",
            "fullTitle": "用户数据查询测试 查询18820965455的用户",
            "timedOut": false,
            "duration": 110,
            "state": "passed",
            "speed": "slow",
            "pass": true,
            "fail": false,
            "pending": false,
            "code": "_User2.default.model.findOne({ username: '18820965455' }).then(function (rlt) {\n      if (rlt) {\n        expect(rlt.username).to.be.equal('18820965455');\n        done();\n      }\n    });",
            "err": {},
            "isRoot": false,
            "uuid": "484b8665-2a8b-49b6-b76d-d550491579e3",
            "isHook": false,
            "skipped": false
          },
          {
            "title": "查询前10条用户数据，并且按照时间顺序倒序排列,并且指定只要用户名和创建时间的字段",
            "fullTitle": "用户数据查询测试 查询前10条用户数据，并且按照时间顺序倒序排列,并且指定只要用户名和创建时间的字段",
            "timedOut": false,
            "duration": 123,
            "state": "passed",
            "speed": "slow",
            "pass": true,
            "fail": false,
            "pending": false,
            "code": "_User2.default.model.find({}).skip(0).limit(10).sort({ createdAt: -1 }).then(function (rlt) {\n  var firtMoment = rlt[0].createdAt;\n  var secondMoment = rlt[1].createdAt;\n  var isUpdate = (0, _moment2.default)(firtMoment).isAfter((0, _moment2.default)(secondMoment));\n  expect(rlt.length).to.be.equal(10);\n  expect(isUpdate).to.be.equal(true);\n  done();\n});",
            "err": {},
            "isRoot": false,
            "uuid": "c974fe9b-f69a-496e-83e5-d511f703f585",
            "isHook": false,
            "skipped": false
          }
        ],
        "suites": [],
        "passes": [
          "1b665757-3417-432a-b402-f649ffd461b4",
          "484b8665-2a8b-49b6-b76d-d550491579e3",
          "c974fe9b-f69a-496e-83e5-d511f703f585"
        ],
        "failures": [],
        "pending": [],
        "skipped": [],
        "duration": 233,
        "root": false,
        "rootEmpty": false,
        "_timeout": 2000
      },
      {
        "uuid": "ee0e6ec7-1689-4299-a64c-ed39d5a5717a",
        "title": "测试所有用户的API",
        "fullFile": "/home/simontaosim/wanServer/test/index.js",
        "file": "/test/index.js",
        "beforeHooks": [
          {
            "title": "\"before all\" hook",
            "fullTitle": "测试所有用户的API \"before all\" hook",
            "timedOut": false,
            "duration": 1,
            "pass": false,
            "fail": false,
            "pending": false,
            "code": "_connectdb.dbConnection.then(async function (rlt) {\n  if (rlt) {\n    _registerModel.Models.forEach(function (model) {\n      (0, _api.generateRestFul)(model.collectionName, _initApp2.default, model);\n    });\n    var port = 7001;\n    var isOccupied = await (0, _checkport.checkport)(port);\n    if (!isOccupied) {\n      _initApp2.default.listen(7001);\n    }\n    done();\n  }\n});",
            "err": {},
            "isRoot": false,
            "uuid": "4b0a61a3-e71b-430b-9714-93d7e9ab3473",
            "isHook": true,
            "skipped": false
          }
        ],
        "afterHooks": [],
        "tests": [
          {
            "title": "获取用户列表（简略信息）, 只有10条, 时间倒序",
            "fullTitle": "测试所有用户的API 获取用户列表（简略信息）, 只有10条, 时间倒序",
            "timedOut": false,
            "duration": 128,
            "state": "passed",
            "speed": "slow",
            "pass": true,
            "fail": false,
            "pending": false,
            "code": "var userPromise = _axios2.default.get(\"http://localhost:7001/api/v1/users\");\nuserPromise.then(function (rlt) {\n  var firtMoment = rlt.data[0].createdAt;\n  var secondMoment = rlt.data[1].createdAt;\n  var isUpdate = (0, _moment2.default)(firtMoment).isAfter((0, _moment2.default)(secondMoment));\n  expect(rlt.data.length).to.be.equal(10);\n  expect(isUpdate).to.be.equal(true);\n  done();\n});",
            "err": {},
            "isRoot": false,
            "uuid": "af83d735-f448-460f-b0ca-20cab62ae627",
            "isHook": false,
            "skipped": false
          },
          {
            "title": "获取用户列表第8页详细信息, 有8条, 时间倒序",
            "fullTitle": "测试所有用户的API 获取用户列表第8页详细信息, 有8条, 时间倒序",
            "timedOut": false,
            "duration": 114,
            "state": "passed",
            "speed": "slow",
            "pass": true,
            "fail": false,
            "pending": false,
            "code": "var userPromise = _axios2.default.get(\"http://localhost:7001/api/v1/users?version=detail&page=3&pagesize=8\");\nuserPromise.then(function (rlt) {\n  var firtMoment = rlt.data[0].createdAt;\n  var secondMoment = rlt.data[1].createdAt;\n  var isUpdate = (0, _moment2.default)(firtMoment).isAfter((0, _moment2.default)(secondMoment));\n  expect(rlt.data.length).to.be.equal(8);\n  expect(isUpdate).to.be.equal(true);\n  done();\n});",
            "err": {},
            "isRoot": false,
            "uuid": "77108724-a091-43b3-9514-35f321859b08",
            "isHook": false,
            "skipped": false
          },
          {
            "title": "获取用户列表第8页简略信息, 有8条, 时间倒序",
            "fullTitle": "测试所有用户的API 获取用户列表第8页简略信息, 有8条, 时间倒序",
            "timedOut": true,
            "duration": 2000,
            "state": "failed",
            "pass": false,
            "fail": true,
            "pending": false,
            "code": "var userPromise = _axios2.default.get(\"http://localhost:7001/api/v1/users?version=breif&page=3&pagesize=8\");\nuserPromise.then(function (rlt) {\n  var firtMoment = rlt[0].createdAt;\n  var secondMoment = rlt[1].createdAt;\n  var isUpdate = (0, _moment2.default)(firtMoment).isAfter((0, _moment2.default)(secondMoment));\n  expect(rlt.length).to.be.equal(10);\n  expect(isUpdate).to.be.equal(true);\n  done();\n});",
            "err": {
              "message": "Error: Timeout of 2000ms exceeded. For async tests and hooks, ensure \"done()\" is called; if returning a Promise, ensure it resolves. (/home/simontaosim/wanServer/test/index.js)",
              "estack": "Error: Timeout of 2000ms exceeded. For async tests and hooks, ensure \"done()\" is called; if returning a Promise, ensure it resolves. (/home/simontaosim/wanServer/test/index.js)"
            },
            "isRoot": false,
            "uuid": "066a716f-8431-40d8-b023-966c14afbb11",
            "isHook": false,
            "skipped": false
          },
          {
            "title": "根据用户Id: NR4uitrWdh9eL649k,查询一个用户， 其用户名为lawadmin",
            "fullTitle": "测试所有用户的API 根据用户Id: NR4uitrWdh9eL649k,查询一个用户， 其用户名为lawadmin",
            "timedOut": true,
            "duration": 2000,
            "state": "failed",
            "pass": false,
            "fail": true,
            "pending": false,
            "code": "var userPromise = _axios2.default.get(\"http://localhost:7001/api/v1/users/NR4uitrWdh9eL649k\");\nuserPromise.then(function (rlt) {\n  expect(rlt.username).to.be.equal('lawadmin');\n  done();\n});",
            "err": {
              "message": "Error: Timeout of 2000ms exceeded. For async tests and hooks, ensure \"done()\" is called; if returning a Promise, ensure it resolves. (/home/simontaosim/wanServer/test/index.js)",
              "estack": "Error: Timeout of 2000ms exceeded. For async tests and hooks, ensure \"done()\" is called; if returning a Promise, ensure it resolves. (/home/simontaosim/wanServer/test/index.js)"
            },
            "isRoot": false,
            "uuid": "43ac38e9-a72f-465d-8b18-4679f9fa908a",
            "isHook": false,
            "skipped": false
          },
          {
            "title": "创建一个用户，用户名为testuser87, 密码为testuser872017best, 电话号码为1391234567",
            "fullTitle": "测试所有用户的API 创建一个用户，用户名为testuser87, 密码为testuser872017best, 电话号码为1391234567",
            "timedOut": true,
            "duration": 2000,
            "state": "failed",
            "pass": false,
            "fail": true,
            "pending": false,
            "code": "var userPromise = _axios2.default.post(\"http://localhost:7001/api/v1/users/create\", { username: \"testuser87\", passowrd: \"testuser872017best\", mobile: \"1391234567\" });\nuserPromise.then(function (rlt) {\n  var user = _User2.default.model.findById(rlt);\n  expect(user.username).to.be.equal('testuser87');\n  expect(user.profile.mobile).to.be.equal('1391234567');\n  done();\n});",
            "err": {
              "message": "Error: Timeout of 2000ms exceeded. For async tests and hooks, ensure \"done()\" is called; if returning a Promise, ensure it resolves. (/home/simontaosim/wanServer/test/index.js)",
              "estack": "Error: Timeout of 2000ms exceeded. For async tests and hooks, ensure \"done()\" is called; if returning a Promise, ensure it resolves. (/home/simontaosim/wanServer/test/index.js)"
            },
            "isRoot": false,
            "uuid": "c1a43e57-3375-4ea4-812b-cb5fdf2c3bb8",
            "isHook": false,
            "skipped": false
          },
          {
            "title": "删除一个用户，用户名为testuser87",
            "fullTitle": "测试所有用户的API 删除一个用户，用户名为testuser87",
            "timedOut": true,
            "duration": 2000,
            "state": "failed",
            "pass": false,
            "fail": true,
            "pending": false,
            "code": "var userPromise = _axios2.default.post(\"http://localhost:7001/api/v1/users/delete\", { username: \"testuser87\" });\nuserPromise.then(function (rlt) {\n  var user = user.model.findOne({ username: 'testuser87' });\n  expect(user).to.be.equal(null);\n  expect(rlt).to.be.equal(1);\n  done();\n});",
            "err": {
              "message": "Error: Timeout of 2000ms exceeded. For async tests and hooks, ensure \"done()\" is called; if returning a Promise, ensure it resolves. (/home/simontaosim/wanServer/test/index.js)",
              "estack": "Error: Timeout of 2000ms exceeded. For async tests and hooks, ensure \"done()\" is called; if returning a Promise, ensure it resolves. (/home/simontaosim/wanServer/test/index.js)"
            },
            "isRoot": false,
            "uuid": "d1d24d6a-6db9-4318-9938-ccedf5fa53c6",
            "isHook": false,
            "skipped": false
          }
        ],
        "suites": [],
        "passes": [
          "af83d735-f448-460f-b0ca-20cab62ae627",
          "77108724-a091-43b3-9514-35f321859b08"
        ],
        "failures": [
          "066a716f-8431-40d8-b023-966c14afbb11",
          "43ac38e9-a72f-465d-8b18-4679f9fa908a",
          "c1a43e57-3375-4ea4-812b-cb5fdf2c3bb8",
          "d1d24d6a-6db9-4318-9938-ccedf5fa53c6"
        ],
        "pending": [],
        "skipped": [],
        "duration": 8242,
        "root": false,
        "rootEmpty": false,
        "_timeout": 2000
      }
    ],
    "passes": [],
    "failures": [],
    "pending": [],
    "skipped": [],
    "duration": 0,
    "root": true,
    "rootEmpty": true,
    "_timeout": 2000
  },
  "copyrightYear": 2018
}