{
  "stats": {
    "suites": 2,
    "tests": 6,
    "passes": 3,
    "pending": 0,
    "failures": 3,
    "start": "2018-06-21T15:24:52.435Z",
    "end": "2018-06-21T15:24:59.154Z",
    "duration": 6719,
    "testsRegistered": 6,
    "passPercent": 50,
    "pendingPercent": 0,
    "other": 0,
    "hasOther": false,
    "skipped": 0,
    "hasSkipped": false,
    "passPercentClass": "danger",
    "pendingPercentClass": "danger"
  },
  "suites": {
    "uuid": "96fb46c8-764b-43fb-819e-bb9210045b7e",
    "title": "",
    "fullFile": "",
    "file": "",
    "beforeHooks": [],
    "afterHooks": [],
    "tests": [],
    "suites": [
      {
        "uuid": "7e85ec37-b5ea-4087-8de7-07eefeff5837",
        "title": "用户数据查询测试",
        "fullFile": "/home/simontaosim/wanServer/test/index.js",
        "file": "/test/index.js",
        "beforeHooks": [
          {
            "title": "\"before all\" hook",
            "fullTitle": "用户数据查询测试 \"before all\" hook",
            "timedOut": false,
            "duration": 336,
            "pass": false,
            "fail": false,
            "pending": false,
            "code": "_connectdb.dbConnection.then(function (rlt) {\n  if (rlt) {\n    done();\n  }\n});",
            "err": {},
            "isRoot": false,
            "uuid": "d9fcc463-41c0-42b6-bd28-f365dc8db7c3",
            "isHook": true,
            "skipped": false
          }
        ],
        "afterHooks": [],
        "tests": [
          {
            "title": "默认查询一条用户数据",
            "fullTitle": "用户数据查询测试 默认查询一条用户数据",
            "timedOut": false,
            "duration": 4,
            "state": "passed",
            "speed": "fast",
            "pass": true,
            "fail": false,
            "pending": false,
            "code": "expect(_User2.default.model.findOne()).to.be.ok;",
            "err": {},
            "isRoot": false,
            "uuid": "f1073ab1-1f02-4583-85f1-63ed150a26c9",
            "isHook": false,
            "skipped": false
          },
          {
            "title": "查询18820965455的用户",
            "fullTitle": "用户数据查询测试 查询18820965455的用户",
            "timedOut": false,
            "duration": 158,
            "state": "passed",
            "speed": "slow",
            "pass": true,
            "fail": false,
            "pending": false,
            "code": "_User2.default.model.findOne({ username: '18820965455' }).then(function (rlt) {\n      if (rlt) {\n        expect(rlt.username).to.be.equal('18820965455');\n        done();\n      }\n    });",
            "err": {},
            "isRoot": false,
            "uuid": "809cdc0d-fab6-4c8a-920b-479817aea1db",
            "isHook": false,
            "skipped": false
          },
          {
            "title": "查询前10条用户数据，并且按照时间顺序倒序排列,并且指定只要用户名和创建时间的字段",
            "fullTitle": "用户数据查询测试 查询前10条用户数据，并且按照时间顺序倒序排列,并且指定只要用户名和创建时间的字段",
            "timedOut": false,
            "duration": 191,
            "state": "passed",
            "speed": "slow",
            "pass": true,
            "fail": false,
            "pending": false,
            "code": "_User2.default.model.find({}).skip(0).limit(10).sort({ createdAt: -1 }).then(function (rlt) {\n  var firtMoment = rlt[0].createdAt;\n  var secondMoment = rlt[1].createdAt;\n  var isUpdate = (0, _moment2.default)(firtMoment).isAfter((0, _moment2.default)(secondMoment));\n  expect(rlt.length).to.be.equal(10);\n  expect(isUpdate).to.be.equal(true);\n  done();\n});",
            "err": {},
            "isRoot": false,
            "uuid": "68661493-1173-4509-b623-4bdd95ac684f",
            "isHook": false,
            "skipped": false
          }
        ],
        "suites": [],
        "passes": [
          "f1073ab1-1f02-4583-85f1-63ed150a26c9",
          "809cdc0d-fab6-4c8a-920b-479817aea1db",
          "68661493-1173-4509-b623-4bdd95ac684f"
        ],
        "failures": [],
        "pending": [],
        "skipped": [],
        "duration": 353,
        "root": false,
        "rootEmpty": false,
        "_timeout": 2000
      },
      {
        "uuid": "68e94324-d058-46cb-ab8e-949fba397f10",
        "title": "测试所有用户的API",
        "fullFile": "/home/simontaosim/wanServer/test/index.js",
        "file": "/test/index.js",
        "beforeHooks": [
          {
            "title": "\"before all\" hook",
            "fullTitle": "测试所有用户的API \"before all\" hook",
            "timedOut": false,
            "duration": 8,
            "pass": false,
            "fail": false,
            "pending": false,
            "code": "_connectdb.dbConnection.then(async function (rlt) {\n  if (rlt) {\n    _registerModel.Models.forEach(function (model) {\n      (0, _api.generateRestFul)(model.collectionName, _initApp2.default, model);\n    });\n    var port = 7001;\n    var isOccupied = await (0, _checkport.checkport)(port);\n    if (!isOccupied) {\n      _initApp2.default.listen(7001);\n    }\n    done();\n  }\n});",
            "err": {},
            "isRoot": false,
            "uuid": "77ebd55d-f2e0-42a9-b33f-8afdfc815839",
            "isHook": true,
            "skipped": false
          }
        ],
        "afterHooks": [],
        "tests": [
          {
            "title": "获取用户列表（简略信息）, 只有10条, 时间倒序",
            "fullTitle": "测试所有用户的API 获取用户列表（简略信息）, 只有10条, 时间倒序",
            "timedOut": true,
            "duration": 2001,
            "state": "failed",
            "pass": false,
            "fail": true,
            "pending": false,
            "code": "var userPromise = _axios2.default.get(\"http://localhost:7001/api/v1/users\");\nuserPromise.then(function (rlt) {\n  var firtMoment = rlt[0].createdAt;\n  var secondMoment = rlt[1].createdAt;\n  var isUpdate = (0, _moment2.default)(firtMoment).isAfter((0, _moment2.default)(secondMoment));\n  expect(rlt.length).to.be.equal(10);\n  expect(isUpdate).to.be.equal(true);\n  done();\n});",
            "err": {
              "message": "Error: Timeout of 2000ms exceeded. For async tests and hooks, ensure \"done()\" is called; if returning a Promise, ensure it resolves. (/home/simontaosim/wanServer/test/index.js)",
              "estack": "Error: Timeout of 2000ms exceeded. For async tests and hooks, ensure \"done()\" is called; if returning a Promise, ensure it resolves. (/home/simontaosim/wanServer/test/index.js)"
            },
            "isRoot": false,
            "uuid": "c802388f-6eb6-4366-9bdf-d97693360be3",
            "isHook": false,
            "skipped": false
          },
          {
            "title": "获取用户列表第8页详细信息, 有8条, 时间倒序",
            "fullTitle": "测试所有用户的API 获取用户列表第8页详细信息, 有8条, 时间倒序",
            "timedOut": true,
            "duration": 2001,
            "state": "failed",
            "pass": false,
            "fail": true,
            "pending": false,
            "code": "var userPromise = _axios2.default.get(\"http://localhost:7001/api/v1/users?version=detail&page=3&pagesize=8\");\nuserPromise.then(function (rlt) {\n  var firtMoment = rlt[0].createdAt;\n  var secondMoment = rlt[1].createdAt;\n  var isUpdate = (0, _moment2.default)(firtMoment).isAfter((0, _moment2.default)(secondMoment));\n  expect(rlt.length).to.be.equal(10);\n  expect(isUpdate).to.be.equal(true);\n  done();\n});",
            "err": {
              "message": "Error: Timeout of 2000ms exceeded. For async tests and hooks, ensure \"done()\" is called; if returning a Promise, ensure it resolves. (/home/simontaosim/wanServer/test/index.js)",
              "estack": "Error: Timeout of 2000ms exceeded. For async tests and hooks, ensure \"done()\" is called; if returning a Promise, ensure it resolves. (/home/simontaosim/wanServer/test/index.js)"
            },
            "isRoot": false,
            "uuid": "e3e0b85d-ef6e-433d-a2b9-618b2c4fa719",
            "isHook": false,
            "skipped": false
          },
          {
            "title": "获取用户列表第8页简略信息, 有8条, 时间倒序",
            "fullTitle": "测试所有用户的API 获取用户列表第8页简略信息, 有8条, 时间倒序",
            "timedOut": true,
            "duration": 2000,
            "state": "failed",
            "pass": false,
            "fail": true,
            "pending": false,
            "code": "var userPromise = _axios2.default.get(\"http://localhost:7001/api/v1/users?version=breif&page=3&pagesize=8\");\nuserPromise.then(function (rlt) {\n  var firtMoment = rlt[0].createdAt;\n  var secondMoment = rlt[1].createdAt;\n  var isUpdate = (0, _moment2.default)(firtMoment).isAfter((0, _moment2.default)(secondMoment));\n  expect(rlt.length).to.be.equal(10);\n  expect(isUpdate).to.be.equal(true);\n  done();\n});",
            "err": {
              "message": "Error: Timeout of 2000ms exceeded. For async tests and hooks, ensure \"done()\" is called; if returning a Promise, ensure it resolves. (/home/simontaosim/wanServer/test/index.js)",
              "estack": "Error: Timeout of 2000ms exceeded. For async tests and hooks, ensure \"done()\" is called; if returning a Promise, ensure it resolves. (/home/simontaosim/wanServer/test/index.js)"
            },
            "isRoot": false,
            "uuid": "0dbb2eb4-7977-4a92-92d1-09ee33eecbca",
            "isHook": false,
            "skipped": false
          }
        ],
        "suites": [],
        "passes": [],
        "failures": [
          "c802388f-6eb6-4366-9bdf-d97693360be3",
          "e3e0b85d-ef6e-433d-a2b9-618b2c4fa719",
          "0dbb2eb4-7977-4a92-92d1-09ee33eecbca"
        ],
        "pending": [],
        "skipped": [],
        "duration": 6002,
        "root": false,
        "rootEmpty": false,
        "_timeout": 2000
      }
    ],
    "passes": [],
    "failures": [],
    "pending": [],
    "skipped": [],
    "duration": 0,
    "root": true,
    "rootEmpty": true,
    "_timeout": 2000
  },
  "copyrightYear": 2018
}