{
  "stats": {
    "suites": 2,
    "tests": 10,
    "passes": 5,
    "pending": 0,
    "failures": 5,
    "start": "2018-07-18T10:08:15.122Z",
    "end": "2018-07-18T10:08:26.007Z",
    "duration": 10885,
    "testsRegistered": 10,
    "passPercent": 50,
    "pendingPercent": 0,
    "other": 0,
    "hasOther": false,
    "skipped": 0,
    "hasSkipped": false,
    "passPercentClass": "danger",
    "pendingPercentClass": "danger"
  },
  "suites": {
    "uuid": "8e2edd13-a452-49b6-aff5-544ff849e642",
    "title": "",
    "fullFile": "",
    "file": "",
    "beforeHooks": [],
    "afterHooks": [],
    "tests": [],
    "suites": [
      {
        "uuid": "c5bfe746-d72f-46f2-813e-198d01c65bc3",
        "title": "用户数据查询测试",
        "fullFile": "/home/zhoushixiong/wan_server/test/index.js",
        "file": "/test/index.js",
        "beforeHooks": [
          {
            "title": "\"before all\" hook",
            "fullTitle": "用户数据查询测试 \"before all\" hook",
            "timedOut": false,
            "duration": 319,
            "pass": false,
            "fail": false,
            "pending": false,
            "code": "_connectdb.dbConnection.then(function (rlt) {\n  if (rlt) {\n    done();\n  }\n});",
            "err": {},
            "isRoot": false,
            "uuid": "6e65e3de-5267-44a5-ac69-332e0c3e35b3",
            "isHook": true,
            "skipped": false
          }
        ],
        "afterHooks": [],
        "tests": [
          {
            "title": "默认查询一条用户数据",
            "fullTitle": "用户数据查询测试 默认查询一条用户数据",
            "timedOut": false,
            "duration": 2,
            "state": "passed",
            "speed": "fast",
            "pass": true,
            "fail": false,
            "pending": false,
            "code": "expect(_User2.default.model.findOne()).to.be.ok;",
            "err": {},
            "isRoot": false,
            "uuid": "257831e7-00fd-41f6-8bd1-a092af5bb5fd",
            "isHook": false,
            "skipped": false
          },
          {
            "title": "查询18820965455的用户",
            "fullTitle": "用户数据查询测试 查询18820965455的用户",
            "timedOut": false,
            "duration": 144,
            "state": "passed",
            "speed": "slow",
            "pass": true,
            "fail": false,
            "pending": false,
            "code": "_User2.default.model.findOne({ username: '18820965455' }).then(function (rlt) {\n      if (rlt) {\n        expect(rlt.username).to.be.equal('18820965455');\n        done();\n      }\n    });",
            "err": {},
            "isRoot": false,
            "uuid": "066369eb-d82c-4900-a95e-fe0853e8941e",
            "isHook": false,
            "skipped": false
          },
          {
            "title": "查询前10条用户数据，并且按照时间顺序倒序排列,并且指定只要用户名和创建时间的字段",
            "fullTitle": "用户数据查询测试 查询前10条用户数据，并且按照时间顺序倒序排列,并且指定只要用户名和创建时间的字段",
            "timedOut": false,
            "duration": 110,
            "state": "passed",
            "speed": "slow",
            "pass": true,
            "fail": false,
            "pending": false,
            "code": "_User2.default.model.find({}).skip(0).limit(10).sort({ createdAt: -1 }).then(function (rlt) {\n  var firtMoment = rlt[0].createdAt;\n  var secondMoment = rlt[1].createdAt;\n  var isUpdate = (0, _moment2.default)(firtMoment).isAfter((0, _moment2.default)(secondMoment));\n  expect(rlt.length).to.be.equal(10);\n  expect(isUpdate).to.be.equal(true);\n  done();\n});",
            "err": {},
            "isRoot": false,
            "uuid": "8d6a2fef-95d7-46d8-b840-95881a3ebe01",
            "isHook": false,
            "skipped": false
          }
        ],
        "suites": [],
        "passes": [
          "257831e7-00fd-41f6-8bd1-a092af5bb5fd",
          "066369eb-d82c-4900-a95e-fe0853e8941e",
          "8d6a2fef-95d7-46d8-b840-95881a3ebe01"
        ],
        "failures": [],
        "pending": [],
        "skipped": [],
        "duration": 256,
        "root": false,
        "rootEmpty": false,
        "_timeout": 2000
      },
      {
        "uuid": "df019b6c-9bdf-4faf-84f0-528d788d0c21",
        "title": "测试所有用户的API",
        "fullFile": "/home/zhoushixiong/wan_server/test/index.js",
        "file": "/test/index.js",
        "beforeHooks": [
          {
            "title": "\"before all\" hook",
            "fullTitle": "测试所有用户的API \"before all\" hook",
            "timedOut": false,
            "duration": 6,
            "pass": false,
            "fail": false,
            "pending": false,
            "code": "_connectdb.dbConnection.then(function () {\n  var _ref = _asyncToGenerator( /*#__PURE__*/regeneratorRuntime.mark(function _callee(rlt) {\n    var port, isOccupied;\n    return regeneratorRuntime.wrap(function _callee$(_context) {\n      while (1) {\n        switch (_context.prev = _context.next) {\n          case 0:\n            if (!rlt) {\n              _context.next = 8;\n              break;\n            }\n            _registerModel.Models.forEach(function (model) {\n              console.log(model.collectionName);\n              (0, _api.generateRestFul)(model.collectionName, _initApp2.default, model);\n            });\n            port = 7001;\n            _context.next = 5;\n            return (0, _checkport.checkport)(port);\n          case 5:\n            isOccupied = _context.sent;\n            if (!isOccupied) {\n              _initApp2.default.listen(7001);\n              console.log(\"测试地址在7001端口\");\n            }\n            done();\n          case 8:\n          case 'end':\n            return _context.stop();\n        }\n      }\n    }, _callee, undefined);\n  }));\n  return function (_x) {\n    return _ref.apply(this, arguments);\n  };\n}());",
            "err": {},
            "isRoot": false,
            "uuid": "3e90b564-662e-4da9-a020-b5e5ab4c3c6d",
            "isHook": true,
            "skipped": false
          }
        ],
        "afterHooks": [],
        "tests": [
          {
            "title": "获取用户列表（简略信息）, 只有10条, 时间倒序",
            "fullTitle": "测试所有用户的API 获取用户列表（简略信息）, 只有10条, 时间倒序",
            "timedOut": false,
            "duration": 141,
            "state": "passed",
            "speed": "slow",
            "pass": true,
            "fail": false,
            "pending": false,
            "code": "var userPromise = _axios2.default.get(\"http://localhost:7001/api/v1/users\");\nuserPromise.then(function (rlt) {\n  var firtMoment = rlt.data[0].createdAt;\n  var secondMoment = rlt.data[1].createdAt;\n  var isUpdate = (0, _moment2.default)(firtMoment).isAfter((0, _moment2.default)(secondMoment));\n  expect(rlt.data.length).to.be.equal(10);\n  expect(isUpdate).to.be.equal(true);\n  done();\n});",
            "err": {},
            "isRoot": false,
            "uuid": "51b9a041-3859-4f55-ac50-ad47a4ed5377",
            "isHook": false,
            "skipped": false
          },
          {
            "title": "获取用户列表第8页详细信息, 有8条, 时间倒序",
            "fullTitle": "测试所有用户的API 获取用户列表第8页详细信息, 有8条, 时间倒序",
            "timedOut": false,
            "duration": 133,
            "state": "passed",
            "speed": "slow",
            "pass": true,
            "fail": false,
            "pending": false,
            "code": "var userPromise = _axios2.default.get(\"http://localhost:7001/api/v1/users?version=detail&page=3&pagesize=8\");\nuserPromise.then(function (rlt) {\n  var firtMoment = rlt.data[0].createdAt;\n  var secondMoment = rlt.data[1].createdAt;\n  var isUpdate = (0, _moment2.default)(firtMoment).isAfter((0, _moment2.default)(secondMoment));\n  expect(rlt.data.length).to.be.equal(8);\n  expect(isUpdate).to.be.equal(true);\n  done();\n});",
            "err": {},
            "isRoot": false,
            "uuid": "3e5f282b-9731-424a-848e-127222c1ecc2",
            "isHook": false,
            "skipped": false
          },
          {
            "title": "获取用户列表第8页简略信息, 有8条, 时间倒序",
            "fullTitle": "测试所有用户的API 获取用户列表第8页简略信息, 有8条, 时间倒序",
            "timedOut": true,
            "duration": 2001,
            "state": "failed",
            "pass": false,
            "fail": true,
            "pending": false,
            "code": "var userPromise = _axios2.default.get(\"http://localhost:7001/api/v1/users?version=breif&page=3&pagesize=8\");\nuserPromise.then(function (rlt) {\n  var firtMoment = rlt[0].createdAt;\n  var secondMoment = rlt[1].createdAt;\n  var isUpdate = (0, _moment2.default)(firtMoment).isAfter((0, _moment2.default)(secondMoment));\n  expect(rlt.length).to.be.equal(10);\n  expect(isUpdate).to.be.equal(true);\n  done();\n});",
            "err": {
              "message": "Error: Timeout of 2000ms exceeded. For async tests and hooks, ensure \"done()\" is called; if returning a Promise, ensure it resolves. (/home/zhoushixiong/wan_server/test/index.js)",
              "estack": "Error: Timeout of 2000ms exceeded. For async tests and hooks, ensure \"done()\" is called; if returning a Promise, ensure it resolves. (/home/zhoushixiong/wan_server/test/index.js)"
            },
            "isRoot": false,
            "uuid": "b2e2e7f4-009a-453f-9bab-89092e0c4193",
            "isHook": false,
            "skipped": false
          },
          {
            "title": "根据用户Id: NR4uitrWdh9eL649k,查询一个用户， 其用户名为lawadmin",
            "fullTitle": "测试所有用户的API 根据用户Id: NR4uitrWdh9eL649k,查询一个用户， 其用户名为lawadmin",
            "timedOut": true,
            "duration": 2001,
            "state": "failed",
            "pass": false,
            "fail": true,
            "pending": false,
            "code": "var userPromise = _axios2.default.get(\"http://localhost:7001/api/v1/users/NR4uitrWdh9eL649k\");\nuserPromise.then(function (rlt) {\n  expect(rlt.username).to.be.equal('lawadmin');\n  done();\n});",
            "err": {
              "message": "Error: Timeout of 2000ms exceeded. For async tests and hooks, ensure \"done()\" is called; if returning a Promise, ensure it resolves. (/home/zhoushixiong/wan_server/test/index.js)",
              "estack": "Error: Timeout of 2000ms exceeded. For async tests and hooks, ensure \"done()\" is called; if returning a Promise, ensure it resolves. (/home/zhoushixiong/wan_server/test/index.js)"
            },
            "isRoot": false,
            "uuid": "5da2535c-569b-41f2-a742-4a015bd41917",
            "isHook": false,
            "skipped": false
          },
          {
            "title": "创建一个用户，用户名为testuser87, 密码为testuser872017best, 电话号码为1391234567",
            "fullTitle": "测试所有用户的API 创建一个用户，用户名为testuser87, 密码为testuser872017best, 电话号码为1391234567",
            "timedOut": true,
            "duration": 2000,
            "state": "failed",
            "pass": false,
            "fail": true,
            "pending": false,
            "code": "var userPromise = _axios2.default.post(\"http://localhost:7001/api/v1/users/create\", { username: \"testuser87\", passowrd: \"testuser872017best\", mobile: \"1391234567\" });\nuserPromise.then(function (rlt) {\n  var user = _User2.default.model.findById(rlt);\n  expect(user.username).to.be.equal('testuser87');\n  expect(user.profile.mobile).to.be.equal('1391234567');\n  done();\n});",
            "err": {
              "message": "Error: Timeout of 2000ms exceeded. For async tests and hooks, ensure \"done()\" is called; if returning a Promise, ensure it resolves. (/home/zhoushixiong/wan_server/test/index.js)",
              "estack": "Error: Timeout of 2000ms exceeded. For async tests and hooks, ensure \"done()\" is called; if returning a Promise, ensure it resolves. (/home/zhoushixiong/wan_server/test/index.js)"
            },
            "isRoot": false,
            "uuid": "a69d7d0f-b344-4187-b52b-b59650b6e951",
            "isHook": false,
            "skipped": false
          },
          {
            "title": "删除一个用户，用户名为testuser87",
            "fullTitle": "测试所有用户的API 删除一个用户，用户名为testuser87",
            "timedOut": true,
            "duration": 2000,
            "state": "failed",
            "pass": false,
            "fail": true,
            "pending": false,
            "code": "var userPromise = _axios2.default.post(\"http://localhost:7001/api/v1/users/delete\", { username: \"testuser87\" });\nuserPromise.then(function (rlt) {\n  var user = user.model.findOne({ username: 'testuser87' });\n  expect(user).to.be.equal(null);\n  expect(rlt).to.be.equal(1);\n  done();\n});",
            "err": {
              "message": "Error: Timeout of 2000ms exceeded. For async tests and hooks, ensure \"done()\" is called; if returning a Promise, ensure it resolves. (/home/zhoushixiong/wan_server/test/index.js)",
              "estack": "Error: Timeout of 2000ms exceeded. For async tests and hooks, ensure \"done()\" is called; if returning a Promise, ensure it resolves. (/home/zhoushixiong/wan_server/test/index.js)"
            },
            "isRoot": false,
            "uuid": "6fb8be01-a7e8-474a-80da-6b8d3f4613ba",
            "isHook": false,
            "skipped": false
          },
          {
            "title": "获取用户的OPENID",
            "fullTitle": "测试所有用户的API 获取用户的OPENID",
            "timedOut": true,
            "duration": 2000,
            "state": "failed",
            "pass": false,
            "fail": true,
            "pending": false,
            "code": "var userPromise = _axios2.default.post(\"http://localhost:7001/api/v1/nomodel/wechat/users/openid\");\nuserPromise.then(function (rlt) {\n  var user = user.model.findOne({ username: 'testuser87' });\n  expect(user).to.be.equal(null);\n  expect(rlt).to.be.equal(1);\n  done();\n});",
            "err": {
              "message": "Error: Timeout of 2000ms exceeded. For async tests and hooks, ensure \"done()\" is called; if returning a Promise, ensure it resolves. (/home/zhoushixiong/wan_server/test/index.js)",
              "estack": "Error: Timeout of 2000ms exceeded. For async tests and hooks, ensure \"done()\" is called; if returning a Promise, ensure it resolves. (/home/zhoushixiong/wan_server/test/index.js)"
            },
            "isRoot": false,
            "uuid": "d6dc7d97-b099-41f3-9ffa-b0b3007b46f9",
            "isHook": false,
            "skipped": false
          }
        ],
        "suites": [],
        "passes": [
          "51b9a041-3859-4f55-ac50-ad47a4ed5377",
          "3e5f282b-9731-424a-848e-127222c1ecc2"
        ],
        "failures": [
          "b2e2e7f4-009a-453f-9bab-89092e0c4193",
          "5da2535c-569b-41f2-a742-4a015bd41917",
          "a69d7d0f-b344-4187-b52b-b59650b6e951",
          "6fb8be01-a7e8-474a-80da-6b8d3f4613ba",
          "d6dc7d97-b099-41f3-9ffa-b0b3007b46f9"
        ],
        "pending": [],
        "skipped": [],
        "duration": 10276,
        "root": false,
        "rootEmpty": false,
        "_timeout": 2000
      }
    ],
    "passes": [],
    "failures": [],
    "pending": [],
    "skipped": [],
    "duration": 0,
    "root": true,
    "rootEmpty": true,
    "_timeout": 2000
  },
  "copyrightYear": 2018
}