{
  "stats": {
    "suites": 2,
    "tests": 10,
    "passes": 3,
    "pending": 0,
    "failures": 7,
    "start": "2018-07-18T08:33:29.740Z",
    "end": "2018-07-18T08:33:44.395Z",
    "duration": 14655,
    "testsRegistered": 10,
    "passPercent": 30,
    "pendingPercent": 0,
    "other": 0,
    "hasOther": false,
    "skipped": 0,
    "hasSkipped": false,
    "passPercentClass": "danger",
    "pendingPercentClass": "danger"
  },
  "suites": {
    "uuid": "025e7839-bad1-48e8-a7d0-618a927d8572",
    "title": "",
    "fullFile": "",
    "file": "",
    "beforeHooks": [],
    "afterHooks": [],
    "tests": [],
    "suites": [
      {
        "uuid": "eceaf982-768b-4cec-b9a8-d4e19b5259d5",
        "title": "用户数据查询测试",
        "fullFile": "/home/simontao/wan_server/test/index.js",
        "file": "/test/index.js",
        "beforeHooks": [
          {
            "title": "\"before all\" hook",
            "fullTitle": "用户数据查询测试 \"before all\" hook",
            "timedOut": false,
            "duration": 332,
            "pass": false,
            "fail": false,
            "pending": false,
            "code": "_connectdb.dbConnection.then(function (rlt) {\n  if (rlt) {\n    done();\n  }\n});",
            "err": {},
            "isRoot": false,
            "uuid": "074aff04-bd1c-4bea-bbd7-8b9ba4b1d042",
            "isHook": true,
            "skipped": false
          }
        ],
        "afterHooks": [],
        "tests": [
          {
            "title": "默认查询一条用户数据",
            "fullTitle": "用户数据查询测试 默认查询一条用户数据",
            "timedOut": false,
            "duration": 3,
            "state": "passed",
            "speed": "fast",
            "pass": true,
            "fail": false,
            "pending": false,
            "code": "expect(_User2.default.model.findOne()).to.be.ok;",
            "err": {},
            "isRoot": false,
            "uuid": "c3c5daaf-2d59-4a4b-b392-ad23ca6217de",
            "isHook": false,
            "skipped": false
          },
          {
            "title": "查询18820965455的用户",
            "fullTitle": "用户数据查询测试 查询18820965455的用户",
            "timedOut": false,
            "duration": 152,
            "state": "passed",
            "speed": "slow",
            "pass": true,
            "fail": false,
            "pending": false,
            "code": "_User2.default.model.findOne({ username: '18820965455' }).then(function (rlt) {\n      if (rlt) {\n        expect(rlt.username).to.be.equal('18820965455');\n        done();\n      }\n    });",
            "err": {},
            "isRoot": false,
            "uuid": "b876b18b-056f-40bc-bd50-bc41c1cc6778",
            "isHook": false,
            "skipped": false
          },
          {
            "title": "查询前10条用户数据，并且按照时间顺序倒序排列,并且指定只要用户名和创建时间的字段",
            "fullTitle": "用户数据查询测试 查询前10条用户数据，并且按照时间顺序倒序排列,并且指定只要用户名和创建时间的字段",
            "timedOut": false,
            "duration": 125,
            "state": "passed",
            "speed": "slow",
            "pass": true,
            "fail": false,
            "pending": false,
            "code": "_User2.default.model.find({}).skip(0).limit(10).sort({ createdAt: -1 }).then(function (rlt) {\n  var firtMoment = rlt[0].createdAt;\n  var secondMoment = rlt[1].createdAt;\n  var isUpdate = (0, _moment2.default)(firtMoment).isAfter((0, _moment2.default)(secondMoment));\n  expect(rlt.length).to.be.equal(10);\n  expect(isUpdate).to.be.equal(true);\n  done();\n});",
            "err": {},
            "isRoot": false,
            "uuid": "0e718f1b-c538-433f-829b-13c9ed0e8a0c",
            "isHook": false,
            "skipped": false
          }
        ],
        "suites": [],
        "passes": [
          "c3c5daaf-2d59-4a4b-b392-ad23ca6217de",
          "b876b18b-056f-40bc-bd50-bc41c1cc6778",
          "0e718f1b-c538-433f-829b-13c9ed0e8a0c"
        ],
        "failures": [],
        "pending": [],
        "skipped": [],
        "duration": 280,
        "root": false,
        "rootEmpty": false,
        "_timeout": 2000
      },
      {
        "uuid": "44af5a64-2b5e-4cb4-b5b2-9db8f0304107",
        "title": "测试所有用户的API",
        "fullFile": "/home/simontao/wan_server/test/index.js",
        "file": "/test/index.js",
        "beforeHooks": [
          {
            "title": "\"before all\" hook",
            "fullTitle": "测试所有用户的API \"before all\" hook",
            "timedOut": false,
            "duration": 12,
            "pass": false,
            "fail": false,
            "pending": false,
            "code": "_connectdb.dbConnection.then(function () {\n  var _ref = _asyncToGenerator( /*#__PURE__*/regeneratorRuntime.mark(function _callee(rlt) {\n    var port, isOccupied;\n    return regeneratorRuntime.wrap(function _callee$(_context) {\n      while (1) {\n        switch (_context.prev = _context.next) {\n          case 0:\n            if (!rlt) {\n              _context.next = 8;\n              break;\n            }\n            _registerModel.Models.forEach(function (model) {\n              (0, _api.generateRestFul)(model.collectionName, _initApp2.default, model);\n            });\n            port = 7001;\n            _context.next = 5;\n            return (0, _checkport.checkport)(port);\n          case 5:\n            isOccupied = _context.sent;\n            if (!isOccupied) {\n              _initApp2.default.listen(7001);\n            }\n            done();\n          case 8:\n          case 'end':\n            return _context.stop();\n        }\n      }\n    }, _callee, undefined);\n  }));\n  return function (_x) {\n    return _ref.apply(this, arguments);\n  };\n}());",
            "err": {},
            "isRoot": false,
            "uuid": "9fc527a4-6cfd-4929-804e-0f503e416dad",
            "isHook": true,
            "skipped": false
          }
        ],
        "afterHooks": [],
        "tests": [
          {
            "title": "获取用户列表（简略信息）, 只有10条, 时间倒序",
            "fullTitle": "测试所有用户的API 获取用户列表（简略信息）, 只有10条, 时间倒序",
            "timedOut": true,
            "duration": 2001,
            "state": "failed",
            "pass": false,
            "fail": true,
            "pending": false,
            "code": "var userPromise = _axios2.default.get(\"http://localhost:7001/api/v1/users\");\nuserPromise.then(function (rlt) {\n  var firtMoment = rlt.data[0].createdAt;\n  var secondMoment = rlt.data[1].createdAt;\n  var isUpdate = (0, _moment2.default)(firtMoment).isAfter((0, _moment2.default)(secondMoment));\n  expect(rlt.data.length).to.be.equal(10);\n  expect(isUpdate).to.be.equal(true);\n  done();\n});",
            "err": {
              "message": "Error: Timeout of 2000ms exceeded. For async tests and hooks, ensure \"done()\" is called; if returning a Promise, ensure it resolves. (/home/simontao/wan_server/test/index.js)",
              "estack": "Error: Timeout of 2000ms exceeded. For async tests and hooks, ensure \"done()\" is called; if returning a Promise, ensure it resolves. (/home/simontao/wan_server/test/index.js)"
            },
            "isRoot": false,
            "uuid": "9db5cb64-aa55-4709-8358-9cd4bde7e9b4",
            "isHook": false,
            "skipped": false
          },
          {
            "title": "获取用户列表第8页详细信息, 有8条, 时间倒序",
            "fullTitle": "测试所有用户的API 获取用户列表第8页详细信息, 有8条, 时间倒序",
            "timedOut": true,
            "duration": 2001,
            "state": "failed",
            "pass": false,
            "fail": true,
            "pending": false,
            "code": "var userPromise = _axios2.default.get(\"http://localhost:7001/api/v1/users?version=detail&page=3&pagesize=8\");\nuserPromise.then(function (rlt) {\n  var firtMoment = rlt.data[0].createdAt;\n  var secondMoment = rlt.data[1].createdAt;\n  var isUpdate = (0, _moment2.default)(firtMoment).isAfter((0, _moment2.default)(secondMoment));\n  expect(rlt.data.length).to.be.equal(8);\n  expect(isUpdate).to.be.equal(true);\n  done();\n});",
            "err": {
              "message": "Error: Timeout of 2000ms exceeded. For async tests and hooks, ensure \"done()\" is called; if returning a Promise, ensure it resolves. (/home/simontao/wan_server/test/index.js)",
              "estack": "Error: Timeout of 2000ms exceeded. For async tests and hooks, ensure \"done()\" is called; if returning a Promise, ensure it resolves. (/home/simontao/wan_server/test/index.js)"
            },
            "isRoot": false,
            "uuid": "64bcdc5b-db7e-4660-8eed-02c77131c10e",
            "isHook": false,
            "skipped": false
          },
          {
            "title": "获取用户列表第8页简略信息, 有8条, 时间倒序",
            "fullTitle": "测试所有用户的API 获取用户列表第8页简略信息, 有8条, 时间倒序",
            "timedOut": true,
            "duration": 2001,
            "state": "failed",
            "pass": false,
            "fail": true,
            "pending": false,
            "code": "var userPromise = _axios2.default.get(\"http://localhost:7001/api/v1/users?version=breif&page=3&pagesize=8\");\nuserPromise.then(function (rlt) {\n  var firtMoment = rlt[0].createdAt;\n  var secondMoment = rlt[1].createdAt;\n  var isUpdate = (0, _moment2.default)(firtMoment).isAfter((0, _moment2.default)(secondMoment));\n  expect(rlt.length).to.be.equal(10);\n  expect(isUpdate).to.be.equal(true);\n  done();\n});",
            "err": {
              "message": "Error: Timeout of 2000ms exceeded. For async tests and hooks, ensure \"done()\" is called; if returning a Promise, ensure it resolves. (/home/simontao/wan_server/test/index.js)",
              "estack": "Error: Timeout of 2000ms exceeded. For async tests and hooks, ensure \"done()\" is called; if returning a Promise, ensure it resolves. (/home/simontao/wan_server/test/index.js)"
            },
            "isRoot": false,
            "uuid": "069a96ed-fa1e-4259-9e5a-9c55e5f389f6",
            "isHook": false,
            "skipped": false
          },
          {
            "title": "根据用户Id: NR4uitrWdh9eL649k,查询一个用户， 其用户名为lawadmin",
            "fullTitle": "测试所有用户的API 根据用户Id: NR4uitrWdh9eL649k,查询一个用户， 其用户名为lawadmin",
            "timedOut": true,
            "duration": 2000,
            "state": "failed",
            "pass": false,
            "fail": true,
            "pending": false,
            "code": "var userPromise = _axios2.default.get(\"http://localhost:7001/api/v1/users/NR4uitrWdh9eL649k\");\nuserPromise.then(function (rlt) {\n  expect(rlt.username).to.be.equal('lawadmin');\n  done();\n});",
            "err": {
              "message": "Error: Timeout of 2000ms exceeded. For async tests and hooks, ensure \"done()\" is called; if returning a Promise, ensure it resolves. (/home/simontao/wan_server/test/index.js)",
              "estack": "Error: Timeout of 2000ms exceeded. For async tests and hooks, ensure \"done()\" is called; if returning a Promise, ensure it resolves. (/home/simontao/wan_server/test/index.js)"
            },
            "isRoot": false,
            "uuid": "bef3e58a-acc1-4207-bc50-4d528adf5fc8",
            "isHook": false,
            "skipped": false
          },
          {
            "title": "创建一个用户，用户名为testuser87, 密码为testuser872017best, 电话号码为1391234567",
            "fullTitle": "测试所有用户的API 创建一个用户，用户名为testuser87, 密码为testuser872017best, 电话号码为1391234567",
            "timedOut": true,
            "duration": 2000,
            "state": "failed",
            "pass": false,
            "fail": true,
            "pending": false,
            "code": "var userPromise = _axios2.default.post(\"http://localhost:7001/api/v1/users/create\", { username: \"testuser87\", passowrd: \"testuser872017best\", mobile: \"1391234567\" });\nuserPromise.then(function (rlt) {\n  var user = _User2.default.model.findById(rlt);\n  expect(user.username).to.be.equal('testuser87');\n  expect(user.profile.mobile).to.be.equal('1391234567');\n  done();\n});",
            "err": {
              "message": "Error: Timeout of 2000ms exceeded. For async tests and hooks, ensure \"done()\" is called; if returning a Promise, ensure it resolves. (/home/simontao/wan_server/test/index.js)",
              "estack": "Error: Timeout of 2000ms exceeded. For async tests and hooks, ensure \"done()\" is called; if returning a Promise, ensure it resolves. (/home/simontao/wan_server/test/index.js)"
            },
            "isRoot": false,
            "uuid": "0555d8c5-f100-417d-afba-f799facc1f2f",
            "isHook": false,
            "skipped": false
          },
          {
            "title": "删除一个用户，用户名为testuser87",
            "fullTitle": "测试所有用户的API 删除一个用户，用户名为testuser87",
            "timedOut": true,
            "duration": 2001,
            "state": "failed",
            "pass": false,
            "fail": true,
            "pending": false,
            "code": "var userPromise = _axios2.default.post(\"http://localhost:7001/api/v1/users/delete\", { username: \"testuser87\" });\nuserPromise.then(function (rlt) {\n  var user = user.model.findOne({ username: 'testuser87' });\n  expect(user).to.be.equal(null);\n  expect(rlt).to.be.equal(1);\n  done();\n});",
            "err": {
              "message": "Error: Timeout of 2000ms exceeded. For async tests and hooks, ensure \"done()\" is called; if returning a Promise, ensure it resolves. (/home/simontao/wan_server/test/index.js)",
              "estack": "Error: Timeout of 2000ms exceeded. For async tests and hooks, ensure \"done()\" is called; if returning a Promise, ensure it resolves. (/home/simontao/wan_server/test/index.js)"
            },
            "isRoot": false,
            "uuid": "2c92184a-d7d7-4494-970b-1fd78ffbc756",
            "isHook": false,
            "skipped": false
          },
          {
            "title": "获取用户的OPENID",
            "fullTitle": "测试所有用户的API 获取用户的OPENID",
            "timedOut": true,
            "duration": 2001,
            "state": "failed",
            "pass": false,
            "fail": true,
            "pending": false,
            "code": "var userPromise = _axios2.default.post(\"http://localhost:7001/api/v1/nomodel/wechat/users/openid\");\nuserPromise.then(function (rlt) {\n  var user = user.model.findOne({ username: 'testuser87' });\n  expect(user).to.be.equal(null);\n  expect(rlt).to.be.equal(1);\n  done();\n});",
            "err": {
              "message": "Error: Timeout of 2000ms exceeded. For async tests and hooks, ensure \"done()\" is called; if returning a Promise, ensure it resolves. (/home/simontao/wan_server/test/index.js)",
              "estack": "Error: Timeout of 2000ms exceeded. For async tests and hooks, ensure \"done()\" is called; if returning a Promise, ensure it resolves. (/home/simontao/wan_server/test/index.js)"
            },
            "isRoot": false,
            "uuid": "2edecb81-bedf-4ae5-8af5-eab49d19b72e",
            "isHook": false,
            "skipped": false
          }
        ],
        "suites": [],
        "passes": [],
        "failures": [
          "9db5cb64-aa55-4709-8358-9cd4bde7e9b4",
          "64bcdc5b-db7e-4660-8eed-02c77131c10e",
          "069a96ed-fa1e-4259-9e5a-9c55e5f389f6",
          "bef3e58a-acc1-4207-bc50-4d528adf5fc8",
          "0555d8c5-f100-417d-afba-f799facc1f2f",
          "2c92184a-d7d7-4494-970b-1fd78ffbc756",
          "2edecb81-bedf-4ae5-8af5-eab49d19b72e"
        ],
        "pending": [],
        "skipped": [],
        "duration": 14005,
        "root": false,
        "rootEmpty": false,
        "_timeout": 2000
      }
    ],
    "passes": [],
    "failures": [],
    "pending": [],
    "skipped": [],
    "duration": 0,
    "root": true,
    "rootEmpty": true,
    "_timeout": 2000
  },
  "copyrightYear": 2018
}